<?xml version="1.0" encoding="UTF-8"?>
<!-- Generated by org.testng.reporters.JUnitReportReporter -->
<testsuite skipped="0" hostname="DESKTOP-70M1UJL" name="com.au.testCases.TC003_Post_Employee_record" tests="8" failures="0" timestamp="23 Feb 2020 03:16:25 GMT" time="0.009" errors="0">
  <testcase name="checkContentType" time="0.001" classname="com.au.testCases.TC003_Post_Employee_record"/>
  <testcase name="checkResponseTime" time="0.001" classname="com.au.testCases.TC003_Post_Employee_record"/>
  <testcase name="checkServerType" time="0.001" classname="com.au.testCases.TC003_Post_Employee_record"/>
  <testcase name="checkStatusCode" time="0.001" classname="com.au.testCases.TC003_Post_Employee_record"/>
  <testcase name="checkContentLength" time="0.001" classname="com.au.testCases.TC003_Post_Employee_record"/>
  <testcase name="checkStatusLine" time="0.001" classname="com.au.testCases.TC003_Post_Employee_record"/>
  <testcase name="checkBodyResponse" time="0.002" classname="com.au.testCases.TC003_Post_Employee_record"/>
  <testcase name="checkcookies" time="0.001" classname="com.au.testCases.TC003_Post_Employee_record"/>
</testsuite> <!-- com.au.testCases.TC003_Post_Employee_record -->
